# JRE version: OpenJDK Runtime Environment (8.0_152) (build 1.8.0_152-release-1343-b16-5323222)
# Java VM: OpenJDK 64-Bit Server VM (25.152-b16-5323222 mixed mode linux-amd64 compressed oops)
Heap:
 def new generation   total 53184K, used 0K [0x00000000a0000000, 0x00000000a39b0000, 0x00000000c0000000)
  eden space 47296K,   0% used [0x00000000a0000000, 0x00000000a0000000, 0x00000000a2e30000)
  from space 5888K,   0% used [0x00000000a2e30000, 0x00000000a2e30000, 0x00000000a33f0000)
  to   space 5888K,   0% used [0x00000000a33f0000, 0x00000000a33f0000, 0x00000000a39b0000)
 tenured generation   total 119064K, used 88678K [0x00000000c0000000, 0x00000000c7446000, 0x0000000100000000)
   the space 119064K,  74% used [0x00000000c0000000, 0x00000000c5699a30, 0x00000000c5699c00, 0x00000000c7446000)
 Metaspace       used 131417K, capacity 139401K, committed 139480K, reserved 1171456K
  class space    used 16243K, capacity 17610K, committed 17664K, reserved 1048576K
GC Heap History (10 events):
Event: 10407,292 GC heap after
Heap after GC invocations=233 (full 12):
 def new generation   total 53184K, used 3508K [0x00000000a0000000, 0x00000000a39b0000, 0x00000000c0000000)
  eden space 47296K,   0% used [0x00000000a0000000, 0x00000000a0000000, 0x00000000a2e30000)
  from space 5888K,  59% used [0x00000000a33f0000, 0x00000000a375d028, 0x00000000a39b0000)
  to   space 5888K,   0% used [0x00000000a2e30000, 0x00000000a2e30000, 0x00000000a33f0000)
 tenured generation   total 117912K, used 111498K [0x00000000c0000000, 0x00000000c7326000, 0x0000000100000000)
   the space 117912K,  94% used [0x00000000c0000000, 0x00000000c6ce2ab8, 0x00000000c6ce2c00, 0x00000000c7326000)
 Metaspace       used 131383K, capacity 139401K, committed 139480K, reserved 1171456K
  class space    used 16243K, capacity 17610K, committed 17664K, reserved 1048576K
}
Event: 10407,771 GC heap before
{Heap before GC invocations=233 (full 12):
 def new generation   total 53184K, used 50804K [0x00000000a0000000, 0x00000000a39b0000, 0x00000000c0000000)
  eden space 47296K, 100% used [0x00000000a0000000, 0x00000000a2e30000, 0x00000000a2e30000)
  from space 5888K,  59% used [0x00000000a33f0000, 0x00000000a375d028, 0x00000000a39b0000)
  to   space 5888K,   0% used [0x00000000a2e30000, 0x00000000a2e30000, 0x00000000a33f0000)
 tenured generation   total 117912K, used 111498K [0x00000000c0000000, 0x00000000c7326000, 0x0000000100000000)
   the space 117912K,  94% used [0x00000000c0000000, 0x00000000c6ce2ab8, 0x00000000c6ce2c00, 0x00000000c7326000)
 Metaspace       used 131384K, capacity 139401K, committed 139480K, reserved 1171456K
  class space    used 16243K, capacity 17610K, committed 17664K, reserved 1048576K
Event: 10407,827 GC heap after
Heap after GC invocations=234 (full 12):
 def new generation   total 53184K, used 2828K [0x00000000a0000000, 0x00000000a39b0000, 0x00000000c0000000)
  eden space 47296K,   0% used [0x00000000a0000000, 0x00000000a0000000, 0x00000000a2e30000)
  from space 5888K,  48% used [0x00000000a2e30000, 0x00000000a30f3398, 0x00000000a33f0000)
  to   space 5888K,   0% used [0x00000000a33f0000, 0x00000000a33f0000, 0x00000000a39b0000)
 tenured generation   total 117912K, used 112455K [0x00000000c0000000, 0x00000000c7326000, 0x0000000100000000)
   the space 117912K,  95% used [0x00000000c0000000, 0x00000000c6dd1e30, 0x00000000c6dd2000, 0x00000000c7326000)
 Metaspace       used 131384K, capacity 139401K, committed 139480K, reserved 1171456K
  class space    used 16243K, capacity 17610K, committed 17664K, reserved 1048576K
}
Event: 10408,455 GC heap before
{Heap before GC invocations=234 (full 12):
 def new generation   total 53184K, used 50124K [0x00000000a0000000, 0x00000000a39b0000, 0x00000000c0000000)
  eden space 47296K, 100% used [0x00000000a0000000, 0x00000000a2e30000, 0x00000000a2e30000)
  from space 5888K,  48% used [0x00000000a2e30000, 0x00000000a30f3398, 0x00000000a33f0000)
  to   space 5888K,   0% used [0x00000000a33f0000, 0x00000000a33f0000, 0x00000000a39b0000)
 tenured generation   total 117912K, used 112455K [0x00000000c0000000, 0x00000000c7326000, 0x0000000100000000)
   the space 117912K,  95% used [0x00000000c0000000, 0x00000000c6dd1e30, 0x00000000c6dd2000, 0x00000000c7326000)
 Metaspace       used 131387K, capacity 139401K, committed 139480K, reserved 1171456K
  class space    used 16243K, capacity 17610K, committed 17664K, reserved 1048576K
Event: 10408,530 GC heap after
Heap after GC invocations=235 (full 12):
 def new generation   total 53184K, used 3178K [0x00000000a0000000, 0x00000000a39b0000, 0x00000000c0000000)
  eden space 47296K,   0% used [0x00000000a0000000, 0x00000000a0000000, 0x00000000a2e30000)
  from space 5888K,  53% used [0x00000000a33f0000, 0x00000000a370aa28, 0x00000000a39b0000)
  to   space 5888K,   0% used [0x00000000a2e30000, 0x00000000a2e30000, 0x00000000a33f0000)
 tenured generation   total 117912K, used 112455K [0x00000000c0000000, 0x00000000c7326000, 0x0000000100000000)
   the space 117912K,  95% used [0x00000000c0000000, 0x00000000c6dd1e30, 0x00000000c6dd2000, 0x00000000c7326000)
 Metaspace       used 131387K, capacity 139401K, committed 139480K, reserved 1171456K
  class space    used 16243K, capacity 17610K, committed 17664K, reserved 1048576K
}
Event: 10409,325 GC heap before
{Heap before GC invocations=235 (full 12):
 def new generation   total 53184K, used 50474K [0x00000000a0000000, 0x00000000a39b0000, 0x00000000c0000000)
  eden space 47296K, 100% used [0x00000000a0000000, 0x00000000a2e30000, 0x00000000a2e30000)
  from space 5888K,  53% used [0x00000000a33f0000, 0x00000000a370aa28, 0x00000000a39b0000)
  to   space 5888K,   0% used [0x00000000a2e30000, 0x00000000a2e30000, 0x00000000a33f0000)
 tenured generation   total 117912K, used 112455K [0x00000000c0000000, 0x00000000c7326000, 0x0000000100000000)
   the space 117912K,  95% used [0x00000000c0000000, 0x00000000c6dd1e30, 0x00000000c6dd2000, 0x00000000c7326000)
 Metaspace       used 131394K, capacity 139401K, committed 139480K, reserved 1171456K
  class space    used 16243K, capacity 17610K, committed 17664K, reserved 1048576K
Event: 10409,378 GC heap after
Heap after GC invocations=236 (full 12):
 def new generation   total 53184K, used 1430K [0x00000000a0000000, 0x00000000a39b0000, 0x00000000c0000000)
  eden space 47296K,   0% used [0x00000000a0000000, 0x00000000a0000000, 0x00000000a2e30000)
  from space 5888K,  24% used [0x00000000a2e30000, 0x00000000a2f958f8, 0x00000000a33f0000)
  to   space 5888K,   0% used [0x00000000a33f0000, 0x00000000a33f0000, 0x00000000a39b0000)
 tenured generation   total 117912K, used 113457K [0x00000000c0000000, 0x00000000c7326000, 0x0000000100000000)
   the space 117912K,  96% used [0x00000000c0000000, 0x00000000c6ecc690, 0x00000000c6ecc800, 0x00000000c7326000)
 Metaspace       used 131394K, capacity 139401K, committed 139480K, reserved 1171456K
  class space    used 16243K, capacity 17610K, committed 17664K, reserved 1048576K
}
Event: 10409,833 GC heap before
{Heap before GC invocations=236 (full 12):
 def new generation   total 53184K, used 48726K [0x00000000a0000000, 0x00000000a39b0000, 0x00000000c0000000)
  eden space 47296K, 100% used [0x00000000a0000000, 0x00000000a2e30000, 0x00000000a2e30000)
  from space 5888K,  24% used [0x00000000a2e30000, 0x00000000a2f958f8, 0x00000000a33f0000)
  to   space 5888K,   0% used [0x00000000a33f0000, 0x00000000a33f0000, 0x00000000a39b0000)
 tenured generation   total 117912K, used 113457K [0x00000000c0000000, 0x00000000c7326000, 0x0000000100000000)
   the space 117912K,  96% used [0x00000000c0000000, 0x00000000c6ecc690, 0x00000000c6ecc800, 0x00000000c7326000)
 Metaspace       used 131396K, capacity 139401K, committed 139480K, reserved 1171456K
  class space    used 16243K, capacity 17610K, committed 17664K, reserved 1048576K
Event: 10409,904 GC heap after
Heap after GC invocations=237 (full 12):
 def new generation   total 53184K, used 5887K [0x00000000a0000000, 0x00000000a39b0000, 0x00000000c0000000)
  eden space 47296K,   0% used [0x00000000a0000000, 0x00000000a0000000, 0x00000000a2e30000)
  from space 5888K,  99% used [0x00000000a33f0000, 0x00000000a39afff8, 0x00000000a39b0000)
  to   space 5888K,   0% used [0x00000000a2e30000, 0x00000000a2e30000, 0x00000000a33f0000)
 tenured generation   total 117912K, used 113874K [0x00000000c0000000, 0x00000000c7326000, 0x0000000100000000)
   the space 117912K,  96% used [0x00000000c0000000, 0x00000000c6f349e0, 0x00000000c6f34a00, 0x00000000c7326000)
 Metaspace       used 131396K, capacity 139401K, committed 139480K, reserved 1171456K
  class space    used 16243K, capacity 17610K, committed 17664K, reserved 1048576K
}
Event: 10410,534 GC heap before
{Heap before GC invocations=237 (full 12):
 def new generation   total 53184K, used 53183K [0x00000000a0000000, 0x00000000a39b0000, 0x00000000c0000000)
  eden space 47296K, 100% used [0x00000000a0000000, 0x00000000a2e30000, 0x00000000a2e30000)
  from space 5888K,  99% used [0x00000000a33f0000, 0x00000000a39afff8, 0x00000000a39b0000)
  to   space 5888K,   0% used [0x00000000a2e30000, 0x00000000a2e30000, 0x00000000a33f0000)
 tenured generation   total 117912K, used 113874K [0x00000000c0000000, 0x00000000c7326000, 0x0000000100000000)
   the space 117912K,  96% used [0x00000000c0000000, 0x00000000c6f349e0, 0x00000000c6f34a00, 0x00000000c7326000)
 Metaspace       used 131417K, capacity 139401K, committed 139480K, reserved 1171456K
  class space    used 16243K, capacity 17610K, committed 17664K, reserved 1048576K

