# JRE version: OpenJDK Runtime Environment (8.0_152) (build 1.8.0_152-release-1343-b16-5323222)
# Java VM: OpenJDK 64-Bit Server VM (25.152-b16-5323222 mixed mode linux-amd64 compressed oops)
Heap:
 def new generation   total 23360K, used 1423K [0x00000000a0000000, 0x00000000a1950000, 0x00000000c0000000)
  eden space 20800K,   6% used [0x00000000a0000000, 0x00000000a0163d60, 0x00000000a1450000)
  from space 2560K,   0% used [0x00000000a16d0000, 0x00000000a16d0000, 0x00000000a1950000)
  to   space 2560K,   0% used [0x00000000a1450000, 0x00000000a1450000, 0x00000000a16d0000)
 tenured generation   total 61704K, used 61703K [0x00000000c0000000, 0x00000000c3c42000, 0x0000000100000000)
   the space 61704K,  99% used [0x00000000c0000000, 0x00000000c3c41f08, 0x00000000c3c42000, 0x00000000c3c42000)
 Metaspace       used 55711K, capacity 56653K, committed 57256K, reserved 1099776K
  class space    used 6720K, capacity 6978K, committed 7080K, reserved 1048576K
GC Heap History (10 events):
Event: 26,873 GC heap after
Heap after GC invocations=25 (full 4):
 def new generation   total 19008K, used 2047K [0x00000000a0000000, 0x00000000a1490000, 0x00000000c0000000)
  eden space 16960K,   0% used [0x00000000a0000000, 0x00000000a0000000, 0x00000000a1090000)
  from space 2048K,  99% used [0x00000000a1290000, 0x00000000a148fff8, 0x00000000a1490000)
  to   space 2048K,   0% used [0x00000000a1090000, 0x00000000a1090000, 0x00000000a1290000)
 tenured generation   total 42008K, used 33693K [0x00000000c0000000, 0x00000000c2906000, 0x0000000100000000)
   the space 42008K,  80% used [0x00000000c0000000, 0x00000000c20e74b8, 0x00000000c20e7600, 0x00000000c2906000)
 Metaspace       used 52393K, capacity 53253K, committed 53800K, reserved 1095680K
  class space    used 6434K, capacity 6678K, committed 6696K, reserved 1048576K
}
Event: 27,838 GC heap before
{Heap before GC invocations=25 (full 4):
 def new generation   total 19008K, used 18973K [0x00000000a0000000, 0x00000000a1490000, 0x00000000c0000000)
  eden space 16960K,  99% used [0x00000000a0000000, 0x00000000a1087780, 0x00000000a1090000)
  from space 2048K,  99% used [0x00000000a1290000, 0x00000000a148fff8, 0x00000000a1490000)
  to   space 2048K,   0% used [0x00000000a1090000, 0x00000000a1090000, 0x00000000a1290000)
 tenured generation   total 42008K, used 33693K [0x00000000c0000000, 0x00000000c2906000, 0x0000000100000000)
   the space 42008K,  80% used [0x00000000c0000000, 0x00000000c20e74b8, 0x00000000c20e7600, 0x00000000c2906000)
 Metaspace       used 53186K, capacity 54005K, committed 54440K, reserved 1097728K
  class space    used 6492K, capacity 6714K, committed 6824K, reserved 1048576K
Event: 27,879 GC heap after
Heap after GC invocations=26 (full 4):
 def new generation   total 19008K, used 2047K [0x00000000a0000000, 0x00000000a1490000, 0x00000000c0000000)
  eden space 16960K,   0% used [0x00000000a0000000, 0x00000000a0000000, 0x00000000a1090000)
  from space 2048K,  99% used [0x00000000a1090000, 0x00000000a128fff8, 0x00000000a1290000)
  to   space 2048K,   0% used [0x00000000a1290000, 0x00000000a1290000, 0x00000000a1490000)
 tenured generation   total 42008K, used 40419K [0x00000000c0000000, 0x00000000c2906000, 0x0000000100000000)
   the space 42008K,  96% used [0x00000000c0000000, 0x00000000c2778e30, 0x00000000c2779000, 0x00000000c2906000)
 Metaspace       used 53186K, capacity 54005K, committed 54440K, reserved 1097728K
  class space    used 6492K, capacity 6714K, committed 6824K, reserved 1048576K
}
Event: 28,245 GC heap before
{Heap before GC invocations=26 (full 4):
 def new generation   total 19008K, used 19007K [0x00000000a0000000, 0x00000000a1490000, 0x00000000c0000000)
  eden space 16960K, 100% used [0x00000000a0000000, 0x00000000a1090000, 0x00000000a1090000)
  from space 2048K,  99% used [0x00000000a1090000, 0x00000000a128fff8, 0x00000000a1290000)
  to   space 2048K,   0% used [0x00000000a1290000, 0x00000000a1290000, 0x00000000a1490000)
 tenured generation   total 42008K, used 40419K [0x00000000c0000000, 0x00000000c2906000, 0x0000000100000000)
   the space 42008K,  96% used [0x00000000c0000000, 0x00000000c2778e30, 0x00000000c2779000, 0x00000000c2906000)
 Metaspace       used 53187K, capacity 54005K, committed 54440K, reserved 1097728K
  class space    used 6492K, capacity 6714K, committed 6824K, reserved 1048576K
Event: 28,595 GC heap after
Heap after GC invocations=27 (full 5):
 def new generation   total 23360K, used 0K [0x00000000a0000000, 0x00000000a1950000, 0x00000000c0000000)
  eden space 20800K,   0% used [0x00000000a0000000, 0x00000000a0000000, 0x00000000a1450000)
  from space 2560K,   0% used [0x00000000a1450000, 0x00000000a1450000, 0x00000000a16d0000)
  to   space 2560K,   0% used [0x00000000a16d0000, 0x00000000a16d0000, 0x00000000a1950000)
 tenured generation   total 51720K, used 31031K [0x00000000c0000000, 0x00000000c3282000, 0x0000000100000000)
   the space 51720K,  59% used [0x00000000c0000000, 0x00000000c1e4df90, 0x00000000c1e4e000, 0x00000000c3282000)
 Metaspace       used 53187K, capacity 54005K, committed 54440K, reserved 1097728K
  class space    used 6492K, capacity 6714K, committed 6824K, reserved 1048576K
}
Event: 29,272 GC heap before
{Heap before GC invocations=27 (full 5):
 def new generation   total 23360K, used 20800K [0x00000000a0000000, 0x00000000a1950000, 0x00000000c0000000)
  eden space 20800K, 100% used [0x00000000a0000000, 0x00000000a1450000, 0x00000000a1450000)
  from space 2560K,   0% used [0x00000000a1450000, 0x00000000a1450000, 0x00000000a16d0000)
  to   space 2560K,   0% used [0x00000000a16d0000, 0x00000000a16d0000, 0x00000000a1950000)
 tenured generation   total 51720K, used 31031K [0x00000000c0000000, 0x00000000c3282000, 0x0000000100000000)
   the space 51720K,  59% used [0x00000000c0000000, 0x00000000c1e4df90, 0x00000000c1e4e000, 0x00000000c3282000)
 Metaspace       used 53596K, capacity 54485K, committed 54952K, reserved 1097728K
  class space    used 6516K, capacity 6746K, committed 6824K, reserved 1048576K
Event: 29,365 GC heap after
Heap after GC invocations=28 (full 5):
 def new generation   total 23360K, used 2560K [0x00000000a0000000, 0x00000000a1950000, 0x00000000c0000000)
  eden space 20800K,   0% used [0x00000000a0000000, 0x00000000a0000000, 0x00000000a1450000)
  from space 2560K, 100% used [0x00000000a16d0000, 0x00000000a1950000, 0x00000000a1950000)
  to   space 2560K,   0% used [0x00000000a1450000, 0x00000000a1450000, 0x00000000a16d0000)
 tenured generation   total 51720K, used 35792K [0x00000000c0000000, 0x00000000c3282000, 0x0000000100000000)
   the space 51720K,  69% used [0x00000000c0000000, 0x00000000c22f43f8, 0x00000000c22f4400, 0x00000000c3282000)
 Metaspace       used 53596K, capacity 54485K, committed 54952K, reserved 1097728K
  class space    used 6516K, capacity 6746K, committed 6824K, reserved 1048576K
}
Event: 30,114 GC heap before
{Heap before GC invocations=28 (full 5):
 def new generation   total 23360K, used 23360K [0x00000000a0000000, 0x00000000a1950000, 0x00000000c0000000)
  eden space 20800K, 100% used [0x00000000a0000000, 0x00000000a1450000, 0x00000000a1450000)
  from space 2560K, 100% used [0x00000000a16d0000, 0x00000000a1950000, 0x00000000a1950000)
  to   space 2560K,   0% used [0x00000000a1450000, 0x00000000a1450000, 0x00000000a16d0000)
 tenured generation   total 51720K, used 35792K [0x00000000c0000000, 0x00000000c3282000, 0x0000000100000000)
   the space 51720K,  69% used [0x00000000c0000000, 0x00000000c22f43f8, 0x00000000c22f4400, 0x00000000c3282000)
 Metaspace       used 54751K, capacity 55649K, committed 56104K, reserved 1097728K
  class space    used 6631K, capacity 6880K, committed 6952K, reserved 1048576K
Event: 30,169 GC heap after
Heap after GC invocations=29 (full 5):
 def new generation   total 23360K, used 2560K [0x00000000a0000000, 0x00000000a1950000, 0x00000000c0000000)
  eden space 20800K,   0% used [0x00000000a0000000, 0x00000000a0000000, 0x00000000a1450000)
  from space 2560K, 100% used [0x00000000a1450000, 0x00000000a16d0000, 0x00000000a16d0000)
  to   space 2560K,   0% used [0x00000000a16d0000, 0x00000000a16d0000, 0x00000000a1950000)
 tenured generation   total 51720K, used 43771K [0x00000000c0000000, 0x00000000c3282000, 0x0000000100000000)
   the space 51720K,  84% used [0x00000000c0000000, 0x00000000c2abecd0, 0x00000000c2abee00, 0x00000000c3282000)
 Metaspace       used 54751K, capacity 55649K, committed 56104K, reserved 1097728K
  class space    used 6631K, capacity 6880K, committed 6952K, reserved 1048576K
}
Event: 31,240 GC heap before
{Heap before GC invocations=29 (full 5):
 def new generation   total 23360K, used 23360K [0x00000000a0000000, 0x00000000a1950000, 0x00000000c0000000)
  eden space 20800K, 100% used [0x00000000a0000000, 0x00000000a1450000, 0x00000000a1450000)
  from space 2560K, 100% used [0x00000000a1450000, 0x00000000a16d0000, 0x00000000a16d0000)
  to   space 2560K,   0% used [0x00000000a16d0000, 0x00000000a16d0000, 0x00000000a1950000)
 tenured generation   total 51720K, used 43771K [0x00000000c0000000, 0x00000000c3282000, 0x0000000100000000)
   the space 51720K,  84% used [0x00000000c0000000, 0x00000000c2abecd0, 0x00000000c2abee00, 0x00000000c3282000)
 Metaspace       used 55711K, capacity 56653K, committed 57256K, reserved 1099776K
  class space    used 6720K, capacity 6978K, committed 7080K, reserved 1048576K

